{"/project/home/ganpatkakar/workspace/src/components/TopBar.js": {"path":"/project/home/ganpatkakar/workspace/src/components/TopBar.js","statementMap":{"0":{"start":{"line":5,"column":2},"end":{"line":17,"column":4}}},"fnMap":{"0":{"name":"TopBar","decl":{"start":{"line":4,"column":24},"end":{"line":4,"column":30}},"loc":{"start":{"line":4,"column":33},"end":{"line":18,"column":1}},"line":4}},"branchMap":{},"s":{"0":1},"f":{"0":1},"b":{},"_coverageSchema":"1a1c01bbd47fc00a2c39e90264f33305004495a9","hash":"64c364a8b663b162551e309bcaa5f2fdd0f67e8e"}
}
